<?xml version="1.0" encoding="UTF-8"?>
<robot generator="Robot 4.1.3 (Python 3.10.1 on win32)" generated="20220218 09:44:05.616" rpa="false" schemaversion="2">
<suite id="s1" name="Bdd" source="C:\Users\Global\PycharmProjects\pythonProject2\BDD\Bdd.robot">
<test id="s1-t1" name="Test case in BDD">
<kw name="Given Start browser and maximize" library="Resource2">
<kw name="Open Browser" library="SeleniumLibrary">
<arg>${url}</arg>
<arg>${browser}</arg>
<doc>Opens a new browser instance to the optional ``url``.</doc>
<msg timestamp="20220218 09:44:05.913" level="INFO">Opening browser 'Chrome' to base url 'https://www.facebook.com/'.</msg>
<status status="PASS" starttime="20220218 09:44:05.913" endtime="20220218 09:44:10.442"/>
</kw>
<kw name="Maximize Browser Window" library="SeleniumLibrary">
<doc>Maximizes current browser window.</doc>
<status status="PASS" starttime="20220218 09:44:10.450" endtime="20220218 09:44:10.573"/>
</kw>
<status status="PASS" starttime="20220218 09:44:05.913" endtime="20220218 09:44:10.573"/>
</kw>
<kw name="When Create folder at runtime" library="Resource2">
<kw name="Create Folder" library="Userkeywords">
<status status="PASS" starttime="20220218 09:44:10.573" endtime="20220218 09:44:10.573"/>
</kw>
<kw name="Sub Create Folder" library="Userkeywords">
<status status="PASS" starttime="20220218 09:44:10.573" endtime="20220218 09:44:10.573"/>
</kw>
<kw name="Log" library="BuiltIn">
<arg>"Task Done Successfully"</arg>
<doc>Logs the given message with the given level.</doc>
<msg timestamp="20220218 09:44:10.573" level="INFO">"Task Done Successfully"</msg>
<status status="PASS" starttime="20220218 09:44:10.573" endtime="20220218 09:44:10.581"/>
</kw>
<status status="PASS" starttime="20220218 09:44:10.573" endtime="20220218 09:44:10.581"/>
</kw>
<kw name="Then CONCATENATE USERNAME AND PASSWORD" library="Resource2">
<arg>hello</arg>
<arg>123</arg>
<kw name="Concatenate Two Values" library="Userkeywords">
<var>${resultval}</var>
<arg>${username}</arg>
<arg>${password}</arg>
<msg timestamp="20220218 09:44:10.581" level="INFO">${resultval} = hello 123</msg>
<status status="PASS" starttime="20220218 09:44:10.581" endtime="20220218 09:44:10.581"/>
</kw>
<kw name="Log" library="BuiltIn">
<arg>${resultval}</arg>
<doc>Logs the given message with the given level.</doc>
<msg timestamp="20220218 09:44:10.581" level="INFO">hello 123</msg>
<status status="PASS" starttime="20220218 09:44:10.581" endtime="20220218 09:44:10.581"/>
</kw>
<status status="PASS" starttime="20220218 09:44:10.581" endtime="20220218 09:44:10.581"/>
</kw>
<status status="PASS" starttime="20220218 09:44:05.913" endtime="20220218 09:44:10.581"/>
</test>
<status status="PASS" starttime="20220218 09:44:05.616" endtime="20220218 09:44:10.581"/>
</suite>
<statistics>
<total>
<stat pass="1" fail="0" skip="0">All Tests</stat>
</total>
<tag>
</tag>
<suite>
<stat pass="1" fail="0" skip="0" id="s1" name="Bdd">Bdd</stat>
</suite>
</statistics>
<errors>
</errors>
</robot>
