<?xml version="1.0" encoding="UTF-8"?>
<robot generator="Robot 4.1.3 (Python 3.10.1 on win32)" generated="20220308 13:05:09.607" rpa="false" schemaversion="2">
<suite id="s1" name="Tc01" source="C:\Users\Global\PycharmProjects\RobotCodes\TestCases2\tc01.robot">
<test id="s1-t1" name="robot first test case">
<kw name="Open Browser" library="SeleniumLibrary">
<arg>${url}</arg>
<arg>${browser}</arg>
<doc>Opens a new browser instance to the optional ``url``.</doc>
<msg timestamp="20220308 13:05:10.017" level="INFO">Opening browser 'Chrome' to base url 'https://www.facebook.com/'.</msg>
<status status="PASS" starttime="20220308 13:05:10.016" endtime="20220308 13:05:14.698"/>
</kw>
<kw name="Maximize Browser Window" library="SeleniumLibrary">
<doc>Maximizes current browser window.</doc>
<status status="PASS" starttime="20220308 13:05:14.699" endtime="20220308 13:05:14.824"/>
</kw>
<tag>all_tc</tag>
<tag>smoke</tag>
<status status="PASS" starttime="20220308 13:05:10.015" endtime="20220308 13:05:14.825"/>
</test>
<test id="s1-t2" name="robot second test case">
<kw name="Input Text" library="SeleniumLibrary">
<arg>name:email</arg>
<arg>shashank</arg>
<doc>Types the given ``text`` into the text field identified by ``locator``.</doc>
<msg timestamp="20220308 13:05:14.829" level="INFO">Typing text 'shashank' into text field 'name:email'.</msg>
<status status="PASS" starttime="20220308 13:05:14.828" endtime="20220308 13:05:14.979"/>
</kw>
<tag>all_tc</tag>
<tag>end_to_end</tag>
<status status="PASS" starttime="20220308 13:05:14.827" endtime="20220308 13:05:14.980"/>
</test>
<status status="PASS" starttime="20220308 13:05:09.611" endtime="20220308 13:05:14.983"/>
</suite>
<statistics>
<total>
<stat pass="2" fail="0" skip="0">All Tests</stat>
</total>
<tag>
<stat pass="2" fail="0" skip="0">all_tc</stat>
<stat pass="1" fail="0" skip="0">end_to_end</stat>
<stat pass="1" fail="0" skip="0">smoke</stat>
</tag>
<suite>
<stat pass="2" fail="0" skip="0" id="s1" name="Tc01">Tc01</stat>
</suite>
</statistics>
<errors>
</errors>
</robot>
