<?xml version="1.0" encoding="UTF-8"?>
<robot generator="Robot 4.0.3 (Python 3.9.5 on win32)" generated="20220305 17:11:18.659" rpa="false" schemaversion="2">
<suite id="s1" name="ExcelIntegration" source="C:\Users\mayanka.1\PycharmProjects\RoboDroid\TestCases\ExcelIntegration.robot">
<test id="s1-t1" name="TC_01- User should be able to login with multiple user">
<kw name="User_open_application" library="Library" type="SETUP">
<doc>This keyword is for opening the application</doc>
<kw name="Open Application" library="AppiumLibrary">
<arg>${URL}</arg>
<arg>platformName=Android</arg>
<arg>platformVersion=11</arg>
<arg>deviceName=RZ8M30MDZEK</arg>
<arg>appPackage=com.clubautomation.club.automation.debug</arg>
<arg>appActivity=com.clubautomation.mobileapp.ui.activity.StartActivity</arg>
<arg>automationName=uiautomator2</arg>
<arg>noReset=true</arg>
<doc>Opens a new application to given Appium server.
Capabilities of appium server, Android and iOS,
Please check https://github.com/appium/appium/blob/master/docs/en/writing-running-appium/server-args.md
| *Option*            | *Man.* | *Description*     |
| remote_url          | Yes    | Appium server url |
| alias               | no     | alias             |</doc>
<status status="PASS" starttime="20220305 17:11:20.386" endtime="20220305 17:11:43.885"/>
</kw>
<status status="PASS" starttime="20220305 17:11:20.385" endtime="20220305 17:11:43.885"/>
</kw>
<kw name="Read_Element_Locator" library="Library">
<var>${username_text}</var>
<arg>Login.username_textbox_xpath</arg>
<arg>../JsonFiles/Login.json</arg>
<kw name="Read Locator From Json" library="Locators">
<var>${result}</var>
<arg>${JsonPath}</arg>
<arg>${Filepath}</arg>
<msg timestamp="20220305 17:11:43.899" level="INFO">${result} = //android.widget.EditText [contains(@text,'USERNAME')]</msg>
<status status="PASS" starttime="20220305 17:11:43.893" endtime="20220305 17:11:43.899"/>
</kw>
<msg timestamp="20220305 17:11:43.900" level="INFO">${username_text} = //android.widget.EditText [contains(@text,'USERNAME')]</msg>
<status status="PASS" starttime="20220305 17:11:43.891" endtime="20220305 17:11:43.900"/>
</kw>
<kw name="Read_Element_Locator" library="Library">
<var>${password_text}</var>
<arg>Login.password_textbox_xpath</arg>
<arg>../JsonFiles/Login.json</arg>
<kw name="Read Locator From Json" library="Locators">
<var>${result}</var>
<arg>${JsonPath}</arg>
<arg>${Filepath}</arg>
<msg timestamp="20220305 17:11:43.906" level="INFO">${result} = //android.widget.EditText [contains(@text,'PASSWORD')]</msg>
<status status="PASS" starttime="20220305 17:11:43.903" endtime="20220305 17:11:43.906"/>
</kw>
<msg timestamp="20220305 17:11:43.908" level="INFO">${password_text} = //android.widget.EditText [contains(@text,'PASSWORD')]</msg>
<status status="PASS" starttime="20220305 17:11:43.902" endtime="20220305 17:11:43.909"/>
</kw>
<kw name="Read_Number_Of_Rows" library="Library">
<var>${row}</var>
<arg>validlogin</arg>
<arg>../TestData/TestData.xlsx</arg>
<kw name="Fetch Number Of Rows" library="ReadExcel">
<var>${maxr}</var>
<arg>${sheetname}</arg>
<arg>${filepath}</arg>
<msg timestamp="20220305 17:11:43.938" level="INFO">${maxr} = 3</msg>
<status status="PASS" starttime="20220305 17:11:43.917" endtime="20220305 17:11:43.939"/>
</kw>
<msg timestamp="20220305 17:11:43.940" level="INFO">${row} = 3</msg>
<status status="PASS" starttime="20220305 17:11:43.916" endtime="20220305 17:11:43.940"/>
</kw>
<for flavor="IN RANGE">
<var>${i}</var>
<value>1</value>
<value>${row}+1</value>
<iter>
<var name="${i}">1</var>
<kw name="Read_Excel_Data_Of_Cell" library="Library">
<var>${username}</var>
<arg>validlogin</arg>
<arg>${i}</arg>
<arg>1</arg>
<arg>../TestData/TestData.xlsx</arg>
<kw name="Fetch Cell Data" library="ReadExcel">
<var>${celldata}</var>
<arg>${sheetname}</arg>
<arg>${row}</arg>
<arg>${cell}</arg>
<arg>${filepath}</arg>
<msg timestamp="20220305 17:11:43.967" level="INFO">${celldata} = P01Active</msg>
<status status="PASS" starttime="20220305 17:11:43.944" endtime="20220305 17:11:43.967"/>
</kw>
<msg timestamp="20220305 17:11:43.967" level="INFO">${username} = P01Active</msg>
<status status="PASS" starttime="20220305 17:11:43.942" endtime="20220305 17:11:43.967"/>
</kw>
<kw name="Read_Excel_Data_Of_Cell" library="Library">
<var>${password}</var>
<arg>validlogin</arg>
<arg>${i}</arg>
<arg>2</arg>
<arg>../TestData/TestData.xlsx</arg>
<kw name="Fetch Cell Data" library="ReadExcel">
<var>${celldata}</var>
<arg>${sheetname}</arg>
<arg>${row}</arg>
<arg>${cell}</arg>
<arg>${filepath}</arg>
<msg timestamp="20220305 17:11:44.000" level="INFO">${celldata} = Test@123</msg>
<status status="PASS" starttime="20220305 17:11:43.970" endtime="20220305 17:11:44.001"/>
</kw>
<msg timestamp="20220305 17:11:44.001" level="INFO">${password} = Test@123</msg>
<status status="PASS" starttime="20220305 17:11:43.968" endtime="20220305 17:11:44.002"/>
</kw>
<kw name="Input Text" library="AppiumLibrary">
<arg>${username_text}</arg>
<arg>${username}</arg>
<doc>Types the given `text` into text field identified by `locator`.</doc>
<msg timestamp="20220305 17:11:44.015" level="INFO">Typing text 'P01Active' into text field '//android.widget.EditText [contains(@text,'USERNAME')]'</msg>
<status status="PASS" starttime="20220305 17:11:44.004" endtime="20220305 17:11:46.073"/>
</kw>
<kw name="Input Text" library="AppiumLibrary">
<arg>${password_text}</arg>
<arg>${password}</arg>
<doc>Types the given `text` into text field identified by `locator`.</doc>
<msg timestamp="20220305 17:11:46.083" level="INFO">Typing text 'Test@123' into text field '//android.widget.EditText [contains(@text,'PASSWORD')]'</msg>
<status status="PASS" starttime="20220305 17:11:46.073" endtime="20220305 17:11:47.408"/>
</kw>
<kw name="Login_Button" library="Library">
<kw name="Click Element" library="AppiumLibrary">
<arg>${LOGIN_BUTTON}</arg>
<doc>Click element identified by `locator`.</doc>
<msg timestamp="20220305 17:11:47.412" level="INFO">Clicking element 'id=com.clubautomation.club.automation.debug:id/buttonLogin'.</msg>
<status status="PASS" starttime="20220305 17:11:47.409" endtime="20220305 17:11:48.112"/>
</kw>
<kw name="Wait Until Page Contains Element" library="AppiumLibrary">
<arg>${WHAT_ARE_YOU_LOOKING_FOR}</arg>
<arg>30</arg>
<doc>Waits until element specified with `locator` appears on current page.</doc>
<status status="PASS" starttime="20220305 17:11:48.113" endtime="20220305 17:12:01.119"/>
</kw>
<status status="PASS" starttime="20220305 17:11:47.408" endtime="20220305 17:12:01.119"/>
</kw>
<kw name="Logout_User" library="Library">
<kw name="Run Keyword And Return Status" library="BuiltIn">
<var>${Alert}</var>
<arg>page should contain element</arg>
<arg>${Profile}</arg>
<doc>Runs the given keyword with given arguments and returns the status as a Boolean value.</doc>
<kw name="Page Should Contain Element" library="AppiumLibrary">
<arg>${Profile}</arg>
<doc>Verifies that current page contains `locator` element.</doc>
<msg timestamp="20220305 17:12:02.037" level="INFO">Current page contains element 'xpath=//android.widget.FrameLayout[@content-desc='Profile']'.</msg>
<status status="PASS" starttime="20220305 17:12:01.121" endtime="20220305 17:12:02.037"/>
</kw>
<msg timestamp="20220305 17:12:02.037" level="INFO">${Alert} = True</msg>
<status status="PASS" starttime="20220305 17:12:01.120" endtime="20220305 17:12:02.038"/>
</kw>
<kw name="Run Keyword If" library="BuiltIn">
<arg>'${Alert}' == 'True'</arg>
<arg>click element</arg>
<arg>${Profile}</arg>
<doc>Runs the given keyword with the given arguments, if ``condition`` is true.</doc>
<kw name="Click Element" library="AppiumLibrary">
<arg>${Profile}</arg>
<doc>Click element identified by `locator`.</doc>
<msg timestamp="20220305 17:12:02.043" level="INFO">Clicking element 'xpath=//android.widget.FrameLayout[@content-desc='Profile']'.</msg>
<status status="PASS" starttime="20220305 17:12:02.039" endtime="20220305 17:12:02.332"/>
</kw>
<status status="PASS" starttime="20220305 17:12:02.038" endtime="20220305 17:12:02.332"/>
</kw>
<kw name="Sleep" library="BuiltIn">
<arg>1</arg>
<doc>Pauses the test executed for the given time.</doc>
<msg timestamp="20220305 17:12:03.334" level="INFO">Slept 1 second</msg>
<status status="PASS" starttime="20220305 17:12:02.333" endtime="20220305 17:12:03.334"/>
</kw>
<kw name="Run Keyword And Return Status" library="BuiltIn">
<var>${Alert}</var>
<arg>page should contain element</arg>
<arg>${Settings_icon}</arg>
<doc>Runs the given keyword with given arguments and returns the status as a Boolean value.</doc>
<kw name="Page Should Contain Element" library="AppiumLibrary">
<arg>${Settings_icon}</arg>
<doc>Verifies that current page contains `locator` element.</doc>
<msg timestamp="20220305 17:12:04.485" level="INFO">Current page contains element 'id=com.clubautomation.club.automation.debug:id/iv_rightmost1'.</msg>
<status status="PASS" starttime="20220305 17:12:03.335" endtime="20220305 17:12:04.485"/>
</kw>
<msg timestamp="20220305 17:12:04.485" level="INFO">${Alert} = True</msg>
<status status="PASS" starttime="20220305 17:12:03.334" endtime="20220305 17:12:04.485"/>
</kw>
<kw name="Run Keyword If" library="BuiltIn">
<arg>'${Alert}' == 'True'</arg>
<arg>click element</arg>
<arg>${Settings_icon}</arg>
<doc>Runs the given keyword with the given arguments, if ``condition`` is true.</doc>
<kw name="Click Element" library="AppiumLibrary">
<arg>${Settings_icon}</arg>
<doc>Click element identified by `locator`.</doc>
<msg timestamp="20220305 17:12:04.496" level="INFO">Clicking element 'id=com.clubautomation.club.automation.debug:id/iv_rightmost1'.</msg>
<status status="PASS" starttime="20220305 17:12:04.487" endtime="20220305 17:12:05.097"/>
</kw>
<status status="PASS" starttime="20220305 17:12:04.486" endtime="20220305 17:12:05.097"/>
</kw>
<kw name="Swipe" library="AppiumLibrary">
<arg>317</arg>
<arg>1184</arg>
<arg>204</arg>
<arg>563</arg>
<doc>Swipe from one point to another point, for an optional duration.</doc>
<status status="PASS" starttime="20220305 17:12:05.098" endtime="20220305 17:12:07.475"/>
</kw>
<kw name="Run Keyword And Return Status" library="BuiltIn">
<var>${test}</var>
<arg>wait until page contains element</arg>
<arg>${LOGOUT}</arg>
<doc>Runs the given keyword with given arguments and returns the status as a Boolean value.</doc>
<kw name="Wait Until Page Contains Element" library="AppiumLibrary">
<arg>${LOGOUT}</arg>
<doc>Waits until element specified with `locator` appears on current page.</doc>
<status status="PASS" starttime="20220305 17:12:07.477" endtime="20220305 17:12:07.788"/>
</kw>
<msg timestamp="20220305 17:12:07.788" level="INFO">${test} = True</msg>
<status status="PASS" starttime="20220305 17:12:07.476" endtime="20220305 17:12:07.788"/>
</kw>
<kw name="Run Keyword If" library="BuiltIn">
<arg>'${test}' == 'True'</arg>
<arg>click element</arg>
<arg>${LOGOUT}</arg>
<doc>Runs the given keyword with the given arguments, if ``condition`` is true.</doc>
<kw name="Click Element" library="AppiumLibrary">
<arg>${LOGOUT}</arg>
<doc>Click element identified by `locator`.</doc>
<msg timestamp="20220305 17:12:07.797" level="INFO">Clicking element 'id=com.clubautomation.club.automation.debug:id/tv_logout_action'.</msg>
<status status="PASS" starttime="20220305 17:12:07.790" endtime="20220305 17:12:08.044"/>
</kw>
<status status="PASS" starttime="20220305 17:12:07.789" endtime="20220305 17:12:08.045"/>
</kw>
<kw name="Sleep" library="BuiltIn">
<arg>3</arg>
<doc>Pauses the test executed for the given time.</doc>
<msg timestamp="20220305 17:12:11.047" level="INFO">Slept 3 seconds</msg>
<status status="PASS" starttime="20220305 17:12:08.045" endtime="20220305 17:12:11.047"/>
</kw>
<status status="PASS" starttime="20220305 17:12:01.120" endtime="20220305 17:12:11.047"/>
</kw>
<status status="PASS" starttime="20220305 17:11:43.941" endtime="20220305 17:12:11.047"/>
</iter>
<iter>
<var name="${i}">2</var>
<kw name="Read_Excel_Data_Of_Cell" library="Library">
<var>${username}</var>
<arg>validlogin</arg>
<arg>${i}</arg>
<arg>1</arg>
<arg>../TestData/TestData.xlsx</arg>
<kw name="Fetch Cell Data" library="ReadExcel">
<var>${celldata}</var>
<arg>${sheetname}</arg>
<arg>${row}</arg>
<arg>${cell}</arg>
<arg>${filepath}</arg>
<msg timestamp="20220305 17:12:11.062" level="INFO">${celldata} = P02Nonmemb</msg>
<status status="PASS" starttime="20220305 17:12:11.049" endtime="20220305 17:12:11.062"/>
</kw>
<msg timestamp="20220305 17:12:11.063" level="INFO">${username} = P02Nonmemb</msg>
<status status="PASS" starttime="20220305 17:12:11.048" endtime="20220305 17:12:11.063"/>
</kw>
<kw name="Read_Excel_Data_Of_Cell" library="Library">
<var>${password}</var>
<arg>validlogin</arg>
<arg>${i}</arg>
<arg>2</arg>
<arg>../TestData/TestData.xlsx</arg>
<kw name="Fetch Cell Data" library="ReadExcel">
<var>${celldata}</var>
<arg>${sheetname}</arg>
<arg>${row}</arg>
<arg>${cell}</arg>
<arg>${filepath}</arg>
<msg timestamp="20220305 17:12:11.074" level="INFO">${celldata} = Test@123</msg>
<status status="PASS" starttime="20220305 17:12:11.064" endtime="20220305 17:12:11.074"/>
</kw>
<msg timestamp="20220305 17:12:11.075" level="INFO">${password} = Test@123</msg>
<status status="PASS" starttime="20220305 17:12:11.063" endtime="20220305 17:12:11.075"/>
</kw>
<kw name="Input Text" library="AppiumLibrary">
<arg>${username_text}</arg>
<arg>${username}</arg>
<doc>Types the given `text` into text field identified by `locator`.</doc>
<msg timestamp="20220305 17:12:11.082" level="INFO">Typing text 'P02Nonmemb' into text field '//android.widget.EditText [contains(@text,'USERNAME')]'</msg>
<status status="PASS" starttime="20220305 17:12:11.075" endtime="20220305 17:12:11.949"/>
</kw>
<kw name="Input Text" library="AppiumLibrary">
<arg>${password_text}</arg>
<arg>${password}</arg>
<doc>Types the given `text` into text field identified by `locator`.</doc>
<msg timestamp="20220305 17:12:11.954" level="INFO">Typing text 'Test@123' into text field '//android.widget.EditText [contains(@text,'PASSWORD')]'</msg>
<status status="PASS" starttime="20220305 17:12:11.950" endtime="20220305 17:12:12.774"/>
</kw>
<kw name="Login_Button" library="Library">
<kw name="Click Element" library="AppiumLibrary">
<arg>${LOGIN_BUTTON}</arg>
<doc>Click element identified by `locator`.</doc>
<msg timestamp="20220305 17:12:12.782" level="INFO">Clicking element 'id=com.clubautomation.club.automation.debug:id/buttonLogin'.</msg>
<status status="PASS" starttime="20220305 17:12:12.776" endtime="20220305 17:12:13.522"/>
</kw>
<kw name="Wait Until Page Contains Element" library="AppiumLibrary">
<arg>${WHAT_ARE_YOU_LOOKING_FOR}</arg>
<arg>30</arg>
<doc>Waits until element specified with `locator` appears on current page.</doc>
<status status="PASS" starttime="20220305 17:12:13.523" endtime="20220305 17:12:26.198"/>
</kw>
<status status="PASS" starttime="20220305 17:12:12.775" endtime="20220305 17:12:26.199"/>
</kw>
<kw name="Logout_User" library="Library">
<kw name="Run Keyword And Return Status" library="BuiltIn">
<var>${Alert}</var>
<arg>page should contain element</arg>
<arg>${Profile}</arg>
<doc>Runs the given keyword with given arguments and returns the status as a Boolean value.</doc>
<kw name="Page Should Contain Element" library="AppiumLibrary">
<arg>${Profile}</arg>
<doc>Verifies that current page contains `locator` element.</doc>
<msg timestamp="20220305 17:12:26.745" level="INFO">Current page contains element 'xpath=//android.widget.FrameLayout[@content-desc='Profile']'.</msg>
<status status="PASS" starttime="20220305 17:12:26.200" endtime="20220305 17:12:26.745"/>
</kw>
<msg timestamp="20220305 17:12:26.746" level="INFO">${Alert} = True</msg>
<status status="PASS" starttime="20220305 17:12:26.200" endtime="20220305 17:12:26.746"/>
</kw>
<kw name="Run Keyword If" library="BuiltIn">
<arg>'${Alert}' == 'True'</arg>
<arg>click element</arg>
<arg>${Profile}</arg>
<doc>Runs the given keyword with the given arguments, if ``condition`` is true.</doc>
<kw name="Click Element" library="AppiumLibrary">
<arg>${Profile}</arg>
<doc>Click element identified by `locator`.</doc>
<msg timestamp="20220305 17:12:26.759" level="INFO">Clicking element 'xpath=//android.widget.FrameLayout[@content-desc='Profile']'.</msg>
<status status="PASS" starttime="20220305 17:12:26.750" endtime="20220305 17:12:27.630"/>
</kw>
<status status="PASS" starttime="20220305 17:12:26.747" endtime="20220305 17:12:27.630"/>
</kw>
<kw name="Sleep" library="BuiltIn">
<arg>1</arg>
<doc>Pauses the test executed for the given time.</doc>
<msg timestamp="20220305 17:12:28.633" level="INFO">Slept 1 second</msg>
<status status="PASS" starttime="20220305 17:12:27.630" endtime="20220305 17:12:28.633"/>
</kw>
<kw name="Run Keyword And Return Status" library="BuiltIn">
<var>${Alert}</var>
<arg>page should contain element</arg>
<arg>${Settings_icon}</arg>
<doc>Runs the given keyword with given arguments and returns the status as a Boolean value.</doc>
<kw name="Page Should Contain Element" library="AppiumLibrary">
<arg>${Settings_icon}</arg>
<doc>Verifies that current page contains `locator` element.</doc>
<msg timestamp="20220305 17:12:29.150" level="INFO">Current page contains element 'id=com.clubautomation.club.automation.debug:id/iv_rightmost1'.</msg>
<status status="PASS" starttime="20220305 17:12:28.636" endtime="20220305 17:12:29.150"/>
</kw>
<msg timestamp="20220305 17:12:29.150" level="INFO">${Alert} = True</msg>
<status status="PASS" starttime="20220305 17:12:28.634" endtime="20220305 17:12:29.150"/>
</kw>
<kw name="Run Keyword If" library="BuiltIn">
<arg>'${Alert}' == 'True'</arg>
<arg>click element</arg>
<arg>${Settings_icon}</arg>
<doc>Runs the given keyword with the given arguments, if ``condition`` is true.</doc>
<kw name="Click Element" library="AppiumLibrary">
<arg>${Settings_icon}</arg>
<doc>Click element identified by `locator`.</doc>
<msg timestamp="20220305 17:12:29.161" level="INFO">Clicking element 'id=com.clubautomation.club.automation.debug:id/iv_rightmost1'.</msg>
<status status="PASS" starttime="20220305 17:12:29.152" endtime="20220305 17:12:29.633"/>
</kw>
<status status="PASS" starttime="20220305 17:12:29.151" endtime="20220305 17:12:29.633"/>
</kw>
<kw name="Swipe" library="AppiumLibrary">
<arg>317</arg>
<arg>1184</arg>
<arg>204</arg>
<arg>563</arg>
<doc>Swipe from one point to another point, for an optional duration.</doc>
<status status="PASS" starttime="20220305 17:12:29.634" endtime="20220305 17:12:31.438"/>
</kw>
<kw name="Run Keyword And Return Status" library="BuiltIn">
<var>${test}</var>
<arg>wait until page contains element</arg>
<arg>${LOGOUT}</arg>
<doc>Runs the given keyword with given arguments and returns the status as a Boolean value.</doc>
<kw name="Wait Until Page Contains Element" library="AppiumLibrary">
<arg>${LOGOUT}</arg>
<doc>Waits until element specified with `locator` appears on current page.</doc>
<status status="PASS" starttime="20220305 17:12:31.439" endtime="20220305 17:12:31.589"/>
</kw>
<msg timestamp="20220305 17:12:31.589" level="INFO">${test} = True</msg>
<status status="PASS" starttime="20220305 17:12:31.438" endtime="20220305 17:12:31.589"/>
</kw>
<kw name="Run Keyword If" library="BuiltIn">
<arg>'${test}' == 'True'</arg>
<arg>click element</arg>
<arg>${LOGOUT}</arg>
<doc>Runs the given keyword with the given arguments, if ``condition`` is true.</doc>
<kw name="Click Element" library="AppiumLibrary">
<arg>${LOGOUT}</arg>
<doc>Click element identified by `locator`.</doc>
<msg timestamp="20220305 17:12:31.594" level="INFO">Clicking element 'id=com.clubautomation.club.automation.debug:id/tv_logout_action'.</msg>
<status status="PASS" starttime="20220305 17:12:31.590" endtime="20220305 17:12:31.876"/>
</kw>
<status status="PASS" starttime="20220305 17:12:31.589" endtime="20220305 17:12:31.876"/>
</kw>
<kw name="Sleep" library="BuiltIn">
<arg>3</arg>
<doc>Pauses the test executed for the given time.</doc>
<msg timestamp="20220305 17:12:34.878" level="INFO">Slept 3 seconds</msg>
<status status="PASS" starttime="20220305 17:12:31.876" endtime="20220305 17:12:34.878"/>
</kw>
<status status="PASS" starttime="20220305 17:12:26.199" endtime="20220305 17:12:34.878"/>
</kw>
<status status="PASS" starttime="20220305 17:12:11.048" endtime="20220305 17:12:34.878"/>
</iter>
<iter>
<var name="${i}">3</var>
<kw name="Read_Excel_Data_Of_Cell" library="Library">
<var>${username}</var>
<arg>validlogin</arg>
<arg>${i}</arg>
<arg>1</arg>
<arg>../TestData/TestData.xlsx</arg>
<kw name="Fetch Cell Data" library="ReadExcel">
<var>${celldata}</var>
<arg>${sheetname}</arg>
<arg>${row}</arg>
<arg>${cell}</arg>
<arg>${filepath}</arg>
<msg timestamp="20220305 17:12:34.891" level="INFO">${celldata} = P03Nonmemb</msg>
<status status="PASS" starttime="20220305 17:12:34.880" endtime="20220305 17:12:34.891"/>
</kw>
<msg timestamp="20220305 17:12:34.891" level="INFO">${username} = P03Nonmemb</msg>
<status status="PASS" starttime="20220305 17:12:34.879" endtime="20220305 17:12:34.891"/>
</kw>
<kw name="Read_Excel_Data_Of_Cell" library="Library">
<var>${password}</var>
<arg>validlogin</arg>
<arg>${i}</arg>
<arg>2</arg>
<arg>../TestData/TestData.xlsx</arg>
<kw name="Fetch Cell Data" library="ReadExcel">
<var>${celldata}</var>
<arg>${sheetname}</arg>
<arg>${row}</arg>
<arg>${cell}</arg>
<arg>${filepath}</arg>
<msg timestamp="20220305 17:12:34.925" level="INFO">${celldata} = Test@123</msg>
<status status="PASS" starttime="20220305 17:12:34.893" endtime="20220305 17:12:34.925"/>
</kw>
<msg timestamp="20220305 17:12:34.926" level="INFO">${password} = Test@123</msg>
<status status="PASS" starttime="20220305 17:12:34.892" endtime="20220305 17:12:34.926"/>
</kw>
<kw name="Input Text" library="AppiumLibrary">
<arg>${username_text}</arg>
<arg>${username}</arg>
<doc>Types the given `text` into text field identified by `locator`.</doc>
<msg timestamp="20220305 17:12:34.931" level="INFO">Typing text 'P03Nonmemb' into text field '//android.widget.EditText [contains(@text,'USERNAME')]'</msg>
<status status="PASS" starttime="20220305 17:12:34.926" endtime="20220305 17:12:35.668"/>
</kw>
<kw name="Input Text" library="AppiumLibrary">
<arg>${password_text}</arg>
<arg>${password}</arg>
<doc>Types the given `text` into text field identified by `locator`.</doc>
<msg timestamp="20220305 17:12:35.676" level="INFO">Typing text 'Test@123' into text field '//android.widget.EditText [contains(@text,'PASSWORD')]'</msg>
<status status="PASS" starttime="20220305 17:12:35.668" endtime="20220305 17:12:36.383"/>
</kw>
<kw name="Login_Button" library="Library">
<kw name="Click Element" library="AppiumLibrary">
<arg>${LOGIN_BUTTON}</arg>
<doc>Click element identified by `locator`.</doc>
<msg timestamp="20220305 17:12:36.392" level="INFO">Clicking element 'id=com.clubautomation.club.automation.debug:id/buttonLogin'.</msg>
<status status="PASS" starttime="20220305 17:12:36.384" endtime="20220305 17:12:37.111"/>
</kw>
<kw name="Wait Until Page Contains Element" library="AppiumLibrary">
<arg>${WHAT_ARE_YOU_LOOKING_FOR}</arg>
<arg>30</arg>
<doc>Waits until element specified with `locator` appears on current page.</doc>
<status status="PASS" starttime="20220305 17:12:37.111" endtime="20220305 17:12:45.914"/>
</kw>
<status status="PASS" starttime="20220305 17:12:36.383" endtime="20220305 17:12:45.915"/>
</kw>
<kw name="Logout_User" library="Library">
<kw name="Run Keyword And Return Status" library="BuiltIn">
<var>${Alert}</var>
<arg>page should contain element</arg>
<arg>${Profile}</arg>
<doc>Runs the given keyword with given arguments and returns the status as a Boolean value.</doc>
<kw name="Page Should Contain Element" library="AppiumLibrary">
<arg>${Profile}</arg>
<doc>Verifies that current page contains `locator` element.</doc>
<msg timestamp="20220305 17:12:46.714" level="INFO">Current page contains element 'xpath=//android.widget.FrameLayout[@content-desc='Profile']'.</msg>
<status status="PASS" starttime="20220305 17:12:45.917" endtime="20220305 17:12:46.715"/>
</kw>
<msg timestamp="20220305 17:12:46.715" level="INFO">${Alert} = True</msg>
<status status="PASS" starttime="20220305 17:12:45.916" endtime="20220305 17:12:46.716"/>
</kw>
<kw name="Run Keyword If" library="BuiltIn">
<arg>'${Alert}' == 'True'</arg>
<arg>click element</arg>
<arg>${Profile}</arg>
<doc>Runs the given keyword with the given arguments, if ``condition`` is true.</doc>
<kw name="Click Element" library="AppiumLibrary">
<arg>${Profile}</arg>
<doc>Click element identified by `locator`.</doc>
<msg timestamp="20220305 17:12:46.724" level="INFO">Clicking element 'xpath=//android.widget.FrameLayout[@content-desc='Profile']'.</msg>
<status status="PASS" starttime="20220305 17:12:46.717" endtime="20220305 17:12:47.484"/>
</kw>
<status status="PASS" starttime="20220305 17:12:46.716" endtime="20220305 17:12:47.484"/>
</kw>
<kw name="Sleep" library="BuiltIn">
<arg>1</arg>
<doc>Pauses the test executed for the given time.</doc>
<msg timestamp="20220305 17:12:48.486" level="INFO">Slept 1 second</msg>
<status status="PASS" starttime="20220305 17:12:47.485" endtime="20220305 17:12:48.486"/>
</kw>
<kw name="Run Keyword And Return Status" library="BuiltIn">
<var>${Alert}</var>
<arg>page should contain element</arg>
<arg>${Settings_icon}</arg>
<doc>Runs the given keyword with given arguments and returns the status as a Boolean value.</doc>
<kw name="Page Should Contain Element" library="AppiumLibrary">
<arg>${Settings_icon}</arg>
<doc>Verifies that current page contains `locator` element.</doc>
<msg timestamp="20220305 17:12:48.750" level="INFO">Current page contains element 'id=com.clubautomation.club.automation.debug:id/iv_rightmost1'.</msg>
<status status="PASS" starttime="20220305 17:12:48.488" endtime="20220305 17:12:48.751"/>
</kw>
<msg timestamp="20220305 17:12:48.751" level="INFO">${Alert} = True</msg>
<status status="PASS" starttime="20220305 17:12:48.487" endtime="20220305 17:12:48.751"/>
</kw>
<kw name="Run Keyword If" library="BuiltIn">
<arg>'${Alert}' == 'True'</arg>
<arg>click element</arg>
<arg>${Settings_icon}</arg>
<doc>Runs the given keyword with the given arguments, if ``condition`` is true.</doc>
<kw name="Click Element" library="AppiumLibrary">
<arg>${Settings_icon}</arg>
<doc>Click element identified by `locator`.</doc>
<msg timestamp="20220305 17:12:48.760" level="INFO">Clicking element 'id=com.clubautomation.club.automation.debug:id/iv_rightmost1'.</msg>
<status status="PASS" starttime="20220305 17:12:48.753" endtime="20220305 17:12:49.276"/>
</kw>
<status status="PASS" starttime="20220305 17:12:48.752" endtime="20220305 17:12:49.277"/>
</kw>
<kw name="Swipe" library="AppiumLibrary">
<arg>317</arg>
<arg>1184</arg>
<arg>204</arg>
<arg>563</arg>
<doc>Swipe from one point to another point, for an optional duration.</doc>
<status status="PASS" starttime="20220305 17:12:49.278" endtime="20220305 17:12:51.334"/>
</kw>
<kw name="Run Keyword And Return Status" library="BuiltIn">
<var>${test}</var>
<arg>wait until page contains element</arg>
<arg>${LOGOUT}</arg>
<doc>Runs the given keyword with given arguments and returns the status as a Boolean value.</doc>
<kw name="Wait Until Page Contains Element" library="AppiumLibrary">
<arg>${LOGOUT}</arg>
<doc>Waits until element specified with `locator` appears on current page.</doc>
<status status="PASS" starttime="20220305 17:12:51.335" endtime="20220305 17:12:51.416"/>
</kw>
<msg timestamp="20220305 17:12:51.416" level="INFO">${test} = True</msg>
<status status="PASS" starttime="20220305 17:12:51.335" endtime="20220305 17:12:51.416"/>
</kw>
<kw name="Run Keyword If" library="BuiltIn">
<arg>'${test}' == 'True'</arg>
<arg>click element</arg>
<arg>${LOGOUT}</arg>
<doc>Runs the given keyword with the given arguments, if ``condition`` is true.</doc>
<kw name="Click Element" library="AppiumLibrary">
<arg>${LOGOUT}</arg>
<doc>Click element identified by `locator`.</doc>
<msg timestamp="20220305 17:12:51.424" level="INFO">Clicking element 'id=com.clubautomation.club.automation.debug:id/tv_logout_action'.</msg>
<status status="PASS" starttime="20220305 17:12:51.418" endtime="20220305 17:12:51.589"/>
</kw>
<status status="PASS" starttime="20220305 17:12:51.417" endtime="20220305 17:12:51.590"/>
</kw>
<kw name="Sleep" library="BuiltIn">
<arg>3</arg>
<doc>Pauses the test executed for the given time.</doc>
<msg timestamp="20220305 17:12:54.593" level="INFO">Slept 3 seconds</msg>
<status status="PASS" starttime="20220305 17:12:51.590" endtime="20220305 17:12:54.593"/>
</kw>
<status status="PASS" starttime="20220305 17:12:45.915" endtime="20220305 17:12:54.593"/>
</kw>
<status status="PASS" starttime="20220305 17:12:34.879" endtime="20220305 17:12:54.593"/>
</iter>
<status status="PASS" starttime="20220305 17:11:43.940" endtime="20220305 17:12:54.593"/>
</for>
<kw name="User_close_application" library="Library" type="TEARDOWN">
<doc>This keyword is for closing the application</doc>
<kw name="Close Application" library="AppiumLibrary">
<doc>Closes the current application and also close webdriver session.</doc>
<status status="PASS" starttime="20220305 17:12:54.595" endtime="20220305 17:12:56.393"/>
</kw>
<status status="PASS" starttime="20220305 17:12:54.594" endtime="20220305 17:12:56.393"/>
</kw>
<doc>This Test case with fetch user &amp; password for multiple users from excel File</doc>
<tag>Login</tag>
<status status="PASS" starttime="20220305 17:11:20.384" endtime="20220305 17:12:56.394"/>
</test>
<doc>Test Cases for Login from Excel</doc>
<status status="PASS" starttime="20220305 17:11:18.662" endtime="20220305 17:12:56.398"/>
</suite>
<statistics>
<total>
<stat pass="1" fail="0" skip="0">All Tests</stat>
</total>
<tag>
<stat pass="1" fail="0" skip="0">Login</stat>
</tag>
<suite>
<stat pass="1" fail="0" skip="0" id="s1" name="ExcelIntegration">ExcelIntegration</stat>
</suite>
</statistics>
<errors>
</errors>
</robot>
