<?xml version="1.0" encoding="UTF-8"?>
<robot generator="Robot 4.1.3 (Python 3.10.1 on win32)" generated="20220413 15:54:06.117" rpa="false" schemaversion="2">
<suite id="s1" name="Login" source="C:\Users\Global\PycharmProjects\WebAutomation\TestCases\Login.robot">
<test id="s1-t1" name="TC_01_Login">
<kw name="Read_Element_Locator" library="Library">
<var>${Register_for_Classes}</var>
<arg>RegisterForClasses.Register_for_Classes</arg>
<arg>../JsonFiles/RegisterForClasses.json</arg>
<kw name="Read Locator From Json" library="Locators">
<var>${result}</var>
<arg>${JsonPath}</arg>
<arg>${Filepath}</arg>
<msg timestamp="20220413 15:54:06.587" level="INFO">${result} = //a[@id='menu_register_for_classes']</msg>
<status status="PASS" starttime="20220413 15:54:06.587" endtime="20220413 15:54:06.587"/>
</kw>
<msg timestamp="20220413 15:54:06.587" level="INFO">${Register_for_Classes} = //a[@id='menu_register_for_classes']</msg>
<status status="PASS" starttime="20220413 15:54:06.587" endtime="20220413 15:54:06.587"/>
</kw>
<kw name="Read_Element_Locator" library="Library">
<var>${Classes_list}</var>
<arg>RegisterForClasses.Classes_list</arg>
<arg>../JsonFiles/RegisterForClasses.json</arg>
<kw name="Read Locator From Json" library="Locators">
<var>${result}</var>
<arg>${JsonPath}</arg>
<arg>${Filepath}</arg>
<msg timestamp="20220413 15:54:06.603" level="INFO">${result} = //a[@class='row_link']</msg>
<status status="PASS" starttime="20220413 15:54:06.603" endtime="20220413 15:54:06.603"/>
</kw>
<msg timestamp="20220413 15:54:06.603" level="INFO">${Classes_list} = //a[@class='row_link']</msg>
<status status="PASS" starttime="20220413 15:54:06.603" endtime="20220413 15:54:06.603"/>
</kw>
<kw name="Read_Element_Locator" library="Library">
<var>${Welcome_text}</var>
<arg>Home.Welcome_text</arg>
<arg>../JsonFiles/Home.json</arg>
<kw name="Read Locator From Json" library="Locators">
<var>${result}</var>
<arg>${JsonPath}</arg>
<arg>${Filepath}</arg>
<msg timestamp="20220413 15:54:06.603" level="INFO">${result} = //h1[contains(text(),'Welcome')]</msg>
<status status="PASS" starttime="20220413 15:54:06.603" endtime="20220413 15:54:06.603"/>
</kw>
<msg timestamp="20220413 15:54:06.603" level="INFO">${Welcome_text} = //h1[contains(text(),'Welcome')]</msg>
<status status="PASS" starttime="20220413 15:54:06.603" endtime="20220413 15:54:06.603"/>
</kw>
<kw name="Read_Element_Locator" library="Library">
<var>${Logout}</var>
<arg>Home.Logout</arg>
<arg>../JsonFiles/Home.json</arg>
<kw name="Read Locator From Json" library="Locators">
<var>${result}</var>
<arg>${JsonPath}</arg>
<arg>${Filepath}</arg>
<msg timestamp="20220413 15:54:06.603" level="INFO">${result} = //a[@class='logout']</msg>
<status status="PASS" starttime="20220413 15:54:06.603" endtime="20220413 15:54:06.603"/>
</kw>
<msg timestamp="20220413 15:54:06.603" level="INFO">${Logout} = //a[@class='logout']</msg>
<status status="PASS" starttime="20220413 15:54:06.603" endtime="20220413 15:54:06.603"/>
</kw>
<kw name="Read_Element_Locator" library="Library">
<var>${Register_for_Classes}</var>
<arg>Home.Register_for_Classes</arg>
<arg>../JsonFiles/Home.json</arg>
<kw name="Read Locator From Json" library="Locators">
<var>${result}</var>
<arg>${JsonPath}</arg>
<arg>${Filepath}</arg>
<msg timestamp="20220413 15:54:06.603" level="INFO">${result} = //a[@id='menu_register_for_classes']</msg>
<status status="PASS" starttime="20220413 15:54:06.603" endtime="20220413 15:54:06.603"/>
</kw>
<msg timestamp="20220413 15:54:06.603" level="INFO">${Register_for_Classes} = //a[@id='menu_register_for_classes']</msg>
<status status="PASS" starttime="20220413 15:54:06.603" endtime="20220413 15:54:06.603"/>
</kw>
<kw name="Read_Element_Locator" library="Library">
<var>${Sign_up}</var>
<arg>RegisterForClasses.Sign_up</arg>
<arg>../JsonFiles/RegisterForClasses.json</arg>
<kw name="Read Locator From Json" library="Locators">
<var>${result}</var>
<arg>${JsonPath}</arg>
<arg>${Filepath}</arg>
<msg timestamp="20220413 15:54:06.603" level="INFO">${result} = //button[contains(text(),'Sign Up')]</msg>
<status status="PASS" starttime="20220413 15:54:06.603" endtime="20220413 15:54:06.603"/>
</kw>
<msg timestamp="20220413 15:54:06.603" level="INFO">${Sign_up} = //button[contains(text(),'Sign Up')]</msg>
<status status="PASS" starttime="20220413 15:54:06.603" endtime="20220413 15:54:06.603"/>
</kw>
<kw name="user_open_browser" library="Library">
<kw name="Open Browser" library="SeleniumLibrary">
<arg>${URL}</arg>
<arg>${Browser}</arg>
<doc>Opens a new browser instance to the optional ``url``.</doc>
<msg timestamp="20220413 15:54:06.603" level="INFO">Opening browser 'chrome' to base url 'https://ls.clubautomation.com/'.</msg>
<status status="PASS" starttime="20220413 15:54:06.603" endtime="20220413 15:54:15.123"/>
</kw>
<kw name="Maximize Browser Window" library="SeleniumLibrary">
<doc>Maximizes current browser window.</doc>
<status status="PASS" starttime="20220413 15:54:15.123" endtime="20220413 15:54:15.251"/>
</kw>
<status status="PASS" starttime="20220413 15:54:06.603" endtime="20220413 15:54:15.251"/>
</kw>
<kw name="login" library="Library">
<kw name="Input Text" library="SeleniumLibrary">
<arg>id:login</arg>
<arg>skumar04</arg>
<doc>Types the given ``text`` into the text field identified by ``locator``.</doc>
<msg timestamp="20220413 15:54:15.251" level="INFO">Typing text 'skumar04' into text field 'id:login'.</msg>
<status status="PASS" starttime="20220413 15:54:15.251" endtime="20220413 15:54:15.433"/>
</kw>
<kw name="Input Password" library="SeleniumLibrary">
<arg>id:password</arg>
<arg>Test@123</arg>
<doc>Types the given password into the text field identified by ``locator``.</doc>
<msg timestamp="20220413 15:54:15.433" level="INFO">Typing password into text field 'id:password'.</msg>
<msg timestamp="20220413 15:54:15.489" level="INFO">Temporally setting log level to: NONE</msg>
<msg timestamp="20220413 15:54:15.558" level="INFO">Log level changed from NONE to INFO.</msg>
<status status="PASS" starttime="20220413 15:54:15.433" endtime="20220413 15:54:15.558"/>
</kw>
<kw name="Click Button" library="SeleniumLibrary">
<arg>id:loginButton</arg>
<doc>Clicks the button identified by ``locator``.</doc>
<msg timestamp="20220413 15:54:15.558" level="INFO">Clicking button 'id:loginButton'.</msg>
<status status="PASS" starttime="20220413 15:54:15.558" endtime="20220413 15:54:15.660"/>
</kw>
<status status="PASS" starttime="20220413 15:54:15.251" endtime="20220413 15:54:15.660"/>
</kw>
<kw name="Page Should Contain Element" library="SeleniumLibrary">
<arg>${Welcome_text}</arg>
<arg>20</arg>
<doc>Verifies that element ``locator`` is found on the current page.</doc>
<msg timestamp="20220413 15:54:15.684" level="INFO">Current page contains element '//h1[contains(text(),'Welcome')]'.</msg>
<status status="PASS" starttime="20220413 15:54:15.660" endtime="20220413 15:54:15.684"/>
</kw>
<kw name="Wait Until Page Contains Element" library="SeleniumLibrary">
<arg>${Register_for_Classes}</arg>
<arg>30</arg>
<doc>Waits until the element ``locator`` appears on the current page.</doc>
<status status="PASS" starttime="20220413 15:54:15.684" endtime="20220413 15:54:22.027"/>
</kw>
<kw name="Click Link" library="SeleniumLibrary">
<arg>${Register_for_Classes}</arg>
<doc>Clicks a link identified by ``locator``.</doc>
<msg timestamp="20220413 15:54:22.035" level="INFO">Clicking link '//a[@id='menu_register_for_classes']'.</msg>
<status status="PASS" starttime="20220413 15:54:22.027" endtime="20220413 15:54:35.307"/>
</kw>
<kw name="Get WebElements" library="SeleniumLibrary">
<var>${Class_list}</var>
<arg>${Classes_list}</arg>
<doc>Returns a list of WebElement objects matching the ``locator``.</doc>
<msg timestamp="20220413 15:54:35.323" level="INFO">${Class_list} = [&lt;selenium.webdriver.remote.webelement.WebElement (session="d8a2678f0c206cfc4f75eedc0dabe537", element="f87d7ced-e9a8-4d0e-b8b4-af492cdea711")&gt;, &lt;selenium.webdriver.remote.webelement.WebElement (sessi...</msg>
<status status="PASS" starttime="20220413 15:54:35.307" endtime="20220413 15:54:35.323"/>
</kw>
<for flavor="IN">
<var>${i}</var>
<value>${Class_list}</value>
<iter>
<var name="${i}">[&lt;selenium.webdriver.remote.webelement.WebElement (session="d8a2678f0c206cfc4f75eedc0dabe537", element="f87d7ced-e9a8-4d0e-b8b4-af492cdea711")&gt;, &lt;selenium.webdriver.remote.webelement.WebElement (sessi...</var>
<kw name="Click Element" library="SeleniumLibrary">
<arg>${i}[3]</arg>
<doc>Click the element identified by ``locator``.</doc>
<msg timestamp="20220413 15:54:35.323" level="INFO">Clicking element '&lt;selenium.webdriver.remote.webelement.WebElement (session="d8a2678f0c206cfc4f75eedc0dabe537", element="cd83c3e5-ca31-4881-9efb-e31cf213ede3")&gt;'.</msg>
<status status="PASS" starttime="20220413 15:54:35.323" endtime="20220413 15:54:37.024"/>
</kw>
<status status="PASS" starttime="20220413 15:54:35.323" endtime="20220413 15:54:37.024"/>
</iter>
<status status="PASS" starttime="20220413 15:54:35.323" endtime="20220413 15:54:37.024"/>
</for>
<kw name="Click Button" library="SeleniumLibrary">
<arg>${Sign_up}</arg>
<doc>Clicks the button identified by ``locator``.</doc>
<msg timestamp="20220413 15:54:37.024" level="INFO">Clicking button '//button[contains(text(),'Sign Up')]'.</msg>
<status status="PASS" starttime="20220413 15:54:37.024" endtime="20220413 15:54:37.139"/>
</kw>
<kw name="Wait Until Page Contains Element" library="SeleniumLibrary">
<arg>${Logout}</arg>
<arg>20</arg>
<doc>Waits until the element ``locator`` appears on the current page.</doc>
<status status="PASS" starttime="20220413 15:54:37.139" endtime="20220413 15:54:37.155"/>
</kw>
<kw name="Click Element" library="SeleniumLibrary">
<arg>${Logout}</arg>
<doc>Click the element identified by ``locator``.</doc>
<msg timestamp="20220413 15:54:37.155" level="INFO">Clicking element '//a[@class='logout']'.</msg>
<msg timestamp="20220413 15:54:38.377" level="INFO" html="true">&lt;/td&gt;&lt;/tr&gt;&lt;tr&gt;&lt;td colspan="3"&gt;&lt;a href="selenium-screenshot-2.png"&gt;&lt;img src="selenium-screenshot-2.png" width="800px"&gt;&lt;/a&gt;</msg>
<msg timestamp="20220413 15:54:38.377" level="FAIL">ElementClickInterceptedException: Message: element click intercepted: Element &lt;a class="logout" href="/user/logout"&gt;...&lt;/a&gt; is not clickable at point (1471, 7). Other element would receive the click: &lt;div id="overlay_modal" class="overlay_alphacubeCpacNew" style="display: block; position: absolute; top: 0px; left: 0px; z-index: 102; width: 100%; height: 942px;"&gt;&lt;/div&gt;
  (Session info: chrome=100.0.4896.75)
</msg>
<status status="FAIL" starttime="20220413 15:54:37.155" endtime="20220413 15:54:38.377"/>
</kw>
<kw name="user_close_browser" library="Library">
<status status="NOT RUN" starttime="20220413 15:54:38.377" endtime="20220413 15:54:38.377"/>
</kw>
<doc>Login to Web Application</doc>
<status status="FAIL" starttime="20220413 15:54:06.587" endtime="20220413 15:54:38.377">ElementClickInterceptedException: Message: element click intercepted: Element &lt;a class="logout" href="/user/logout"&gt;...&lt;/a&gt; is not clickable at point (1471, 7). Other element would receive the click: &lt;div id="overlay_modal" class="overlay_alphacubeCpacNew" style="display: block; position: absolute; top: 0px; left: 0px; z-index: 102; width: 100%; height: 942px;"&gt;&lt;/div&gt;
  (Session info: chrome=100.0.4896.75)
</status>
</test>
<status status="FAIL" starttime="20220413 15:54:06.117" endtime="20220413 15:54:38.393"/>
</suite>
<statistics>
<total>
<stat pass="0" fail="1" skip="0">All Tests</stat>
</total>
<tag>
</tag>
<suite>
<stat pass="0" fail="1" skip="0" id="s1" name="Login">Login</stat>
</suite>
</statistics>
<errors>
</errors>
</robot>
