<?xml version="1.0" encoding="UTF-8"?>
<robot generator="Robot 4.1.3 (Python 3.10.1 on win32)" generated="20220315 14:41:21.032" rpa="false" schemaversion="2">
<suite id="s1" name="TC01" source="C:\Users\Global\PycharmProjects\SikuliLibrary\TestCases\TC01.robot">
<test id="s1-t1" name="Tc01 Start Browser on Windows">
<kw name="Start Sikuli Process" library="SikuliLibrary">
<msg timestamp="20220315 14:41:21.107" level="INFO">Starting process:
java -jar C:\Users\Global\AppData\Local\Programs\Python\Python310\lib\site-packages\SikuliLibrary\lib\SikuliLibrary.jar 49856 C:\Users\Global\PycharmProjects\SikuliLibrary\TestCases</msg>
<msg timestamp="20220315 14:41:21.124" level="INFO">Start sikuli java process on port 49856</msg>
<msg timestamp="20220315 14:41:24.256" level="INFO">Sikuli java process is started</msg>
<status status="PASS" starttime="20220315 14:41:21.092" endtime="20220315 14:41:26.985"/>
</kw>
<kw name="Add Image Path" library="SikuliLibrary">
<arg>C:/Users/Global/Desktop/SikuliPics</arg>
<doc>Add image path</doc>
<status status="PASS" starttime="20220315 14:41:26.986" endtime="20220315 14:41:27.023"/>
</kw>
<kw name="Click" library="SikuliLibrary">
<arg>Start</arg>
<doc>Click</doc>
<msg timestamp="20220315 14:41:29.115" level="INFO" html="true">&lt;img src='sikuli_captured/sikuliximage-1647335488307.png'/&gt;
[log] CLICK on L[24,843]@S(0) (580 msec)</msg>
<status status="PASS" starttime="20220315 14:41:27.024" endtime="20220315 14:41:29.115"/>
</kw>
<kw name="Click" library="SikuliLibrary">
<arg>Edge</arg>
<doc>Click</doc>
<msg timestamp="20220315 14:41:32.621" level="INFO" html="true">&lt;img src='sikuli_captured/sikuliximage-1647335492397.png'/&gt;</msg>
<msg timestamp="20220315 14:41:32.622" level="FAIL">com.github.rainmanwy.robotframework.sikulilib.exceptions.TimeoutException: Timeout happened, could not find P(Edge.png) S: 0.7</msg>
<status status="FAIL" starttime="20220315 14:41:29.118" endtime="20220315 14:41:32.623"/>
</kw>
<kw name="Input Text" library="SikuliLibrary">
<arg>URlarea</arg>
<arg>http://www.amazon.com</arg>
<doc>Input text.
 Image could be empty</doc>
<status status="NOT RUN" starttime="20220315 14:41:32.624" endtime="20220315 14:41:32.624"/>
</kw>
<status status="FAIL" starttime="20220315 14:41:21.091" endtime="20220315 14:41:32.625">com.github.rainmanwy.robotframework.sikulilib.exceptions.TimeoutException: Timeout happened, could not find P(Edge.png) S: 0.7</status>
</test>
<status status="FAIL" starttime="20220315 14:41:21.035" endtime="20220315 14:41:32.628"/>
</suite>
<statistics>
<total>
<stat pass="0" fail="1" skip="0">All Tests</stat>
</total>
<tag>
</tag>
<suite>
<stat pass="0" fail="1" skip="0" id="s1" name="TC01">TC01</stat>
</suite>
</statistics>
<errors>
</errors>
</robot>
